<?xml version="1.0" encoding="UTF-8" standalone="yes"?><!DOCTYPE report PUBLIC "-//JACOCO//DTD Report 1.1//EN"
  "report.dtd">
<report name="springboot-boilerplate">
  <sessioninfo id="UT453-ac015ce" start="1573994361325" dump="1573994381108"/>
  <package name="com/backend/boilerplate/web/controller">
    <class name="com/backend/boilerplate/web/controller/GlobalInitBinderHandler"
           sourcefilename="GlobalInitBinderHandler.java">
      <method name="&lt;init&gt;" desc="()V" line="19">
        <counter type="INSTRUCTION" missed="3" covered="0"/>
        <counter type="LINE" missed="1" covered="0"/>
        <counter type="COMPLEXITY" missed="1" covered="0"/>
        <counter type="METHOD" missed="1" covered="0"/>
      </method>
      <method name="initBinder" desc="(Lorg/springframework/web/bind/WebDataBinder;)V" line="22">
        <counter type="INSTRUCTION" missed="10" covered="0"/>
        <counter type="LINE" missed="3" covered="0"/>
        <counter type="COMPLEXITY" missed="1" covered="0"/>
        <counter type="METHOD" missed="1" covered="0"/>
      </method>
      <counter type="INSTRUCTION" missed="13" covered="0"/>
      <counter type="LINE" missed="4" covered="0"/>
      <counter type="COMPLEXITY" missed="2" covered="0"/>
      <counter type="METHOD" missed="2" covered="0"/>
      <counter type="CLASS" missed="1" covered="0"/>
    </class>
    <class name="com/backend/boilerplate/web/controller/ClaimController" sourcefilename="ClaimController.java">
      <method name="&lt;init&gt;" desc="()V" line="36">
        <counter type="INSTRUCTION" missed="3" covered="0"/>
        <counter type="LINE" missed="1" covered="0"/>
        <counter type="COMPLEXITY" missed="1" covered="0"/>
        <counter type="METHOD" missed="1" covered="0"/>
      </method>
      <method name="getAllClaims" desc="()Lcom/backend/boilerplate/dto/Response;" line="50">
        <counter type="INSTRUCTION" missed="13" covered="0"/>
        <counter type="LINE" missed="2" covered="0"/>
        <counter type="COMPLEXITY" missed="1" covered="0"/>
        <counter type="METHOD" missed="1" covered="0"/>
      </method>
      <counter type="INSTRUCTION" missed="16" covered="0"/>
      <counter type="LINE" missed="3" covered="0"/>
      <counter type="COMPLEXITY" missed="2" covered="0"/>
      <counter type="METHOD" missed="2" covered="0"/>
      <counter type="CLASS" missed="1" covered="0"/>
    </class>
    <class name="com/backend/boilerplate/web/controller/RoleController" sourcefilename="RoleController.java">
      <method name="&lt;init&gt;" desc="()V" line="50">
        <counter type="INSTRUCTION" missed="3" covered="0"/>
        <counter type="LINE" missed="1" covered="0"/>
        <counter type="COMPLEXITY" missed="1" covered="0"/>
        <counter type="METHOD" missed="1" covered="0"/>
      </method>
      <method name="getAllRoles" desc="()Lcom/backend/boilerplate/dto/Response;" line="64">
        <counter type="INSTRUCTION" missed="13" covered="0"/>
        <counter type="LINE" missed="2" covered="0"/>
        <counter type="COMPLEXITY" missed="1" covered="0"/>
        <counter type="METHOD" missed="1" covered="0"/>
      </method>
      <method name="createRole"
              desc="(Lcom/backend/boilerplate/dto/CreateRoleDto;)Lcom/backend/boilerplate/dto/Response;" line="75">
        <counter type="INSTRUCTION" missed="14" covered="0"/>
        <counter type="LINE" missed="2" covered="0"/>
        <counter type="COMPLEXITY" missed="1" covered="0"/>
        <counter type="METHOD" missed="1" covered="0"/>
      </method>
      <method name="updateRole"
              desc="(Lcom/backend/boilerplate/dto/UpdateRoleDto;)Lcom/backend/boilerplate/dto/Response;" line="87">
        <counter type="INSTRUCTION" missed="14" covered="0"/>
        <counter type="LINE" missed="2" covered="0"/>
        <counter type="COMPLEXITY" missed="1" covered="0"/>
        <counter type="METHOD" missed="1" covered="0"/>
      </method>
      <method name="deleteRole" desc="(Ljava/util/UUID;)Lcom/backend/boilerplate/dto/Response;" line="101">
        <counter type="INSTRUCTION" missed="14" covered="0"/>
        <counter type="LINE" missed="2" covered="0"/>
        <counter type="COMPLEXITY" missed="1" covered="0"/>
        <counter type="METHOD" missed="1" covered="0"/>
      </method>
      <counter type="INSTRUCTION" missed="58" covered="0"/>
      <counter type="LINE" missed="9" covered="0"/>
      <counter type="COMPLEXITY" missed="5" covered="0"/>
      <counter type="METHOD" missed="5" covered="0"/>
      <counter type="CLASS" missed="1" covered="0"/>
    </class>
    <class name="com/backend/boilerplate/web/controller/UserController" sourcefilename="UserController.java">
      <method name="&lt;init&gt;" desc="()V" line="54">
        <counter type="INSTRUCTION" missed="3" covered="0"/>
        <counter type="LINE" missed="1" covered="0"/>
        <counter type="COMPLEXITY" missed="1" covered="0"/>
        <counter type="METHOD" missed="1" covered="0"/>
      </method>
      <method name="getUsers"
              desc="(Ljava/lang/Integer;Ljava/lang/Integer;Ljava/lang/String;Z)Lcom/backend/boilerplate/dto/Response;"
              line="80">
        <counter type="INSTRUCTION" missed="18" covered="0"/>
        <counter type="LINE" missed="2" covered="0"/>
        <counter type="COMPLEXITY" missed="1" covered="0"/>
        <counter type="METHOD" missed="1" covered="0"/>
      </method>
      <method name="getUserByUuid" desc="(Ljava/util/UUID;)Lcom/backend/boilerplate/dto/Response;" line="93">
        <counter type="INSTRUCTION" missed="14" covered="0"/>
        <counter type="LINE" missed="2" covered="0"/>
        <counter type="COMPLEXITY" missed="1" covered="0"/>
        <counter type="METHOD" missed="1" covered="0"/>
      </method>
      <method name="createUser"
              desc="(Lcom/backend/boilerplate/dto/CreateUserDto;)Lcom/backend/boilerplate/dto/Response;" line="106">
        <counter type="INSTRUCTION" missed="14" covered="0"/>
        <counter type="LINE" missed="2" covered="0"/>
        <counter type="COMPLEXITY" missed="1" covered="0"/>
        <counter type="METHOD" missed="1" covered="0"/>
      </method>
      <method name="updateUser"
              desc="(Lcom/backend/boilerplate/dto/UpdateUserDto;)Lcom/backend/boilerplate/dto/Response;" line="118">
        <counter type="INSTRUCTION" missed="14" covered="0"/>
        <counter type="LINE" missed="2" covered="0"/>
        <counter type="COMPLEXITY" missed="1" covered="0"/>
        <counter type="METHOD" missed="1" covered="0"/>
      </method>
      <method name="deleteUser" desc="(Ljava/util/UUID;)Lcom/backend/boilerplate/dto/Response;" line="132">
        <counter type="INSTRUCTION" missed="14" covered="0"/>
        <counter type="LINE" missed="2" covered="0"/>
        <counter type="COMPLEXITY" missed="1" covered="0"/>
        <counter type="METHOD" missed="1" covered="0"/>
      </method>
      <counter type="INSTRUCTION" missed="77" covered="0"/>
      <counter type="LINE" missed="11" covered="0"/>
      <counter type="COMPLEXITY" missed="6" covered="0"/>
      <counter type="METHOD" missed="6" covered="0"/>
      <counter type="CLASS" missed="1" covered="0"/>
    </class>
    <class name="com/backend/boilerplate/web/controller/CommonSuccessfulResponseAdvice"
           sourcefilename="CommonSuccessfulResponseAdvice.java">
      <method name="&lt;init&gt;" desc="()V" line="30">
        <counter type="INSTRUCTION" missed="3" covered="0"/>
        <counter type="LINE" missed="1" covered="0"/>
        <counter type="COMPLEXITY" missed="1" covered="0"/>
        <counter type="METHOD" missed="1" covered="0"/>
      </method>
      <method name="supports" desc="(Lorg/springframework/core/MethodParameter;Ljava/lang/Class;)Z" line="40">
        <counter type="INSTRUCTION" missed="7" covered="0"/>
        <counter type="LINE" missed="1" covered="0"/>
        <counter type="COMPLEXITY" missed="1" covered="0"/>
        <counter type="METHOD" missed="1" covered="0"/>
      </method>
      <method name="beforeBodyWrite"
              desc="(Ljava/lang/Object;Lorg/springframework/core/MethodParameter;Lorg/springframework/http/MediaType;Ljava/lang/Class;Lorg/springframework/http/server/ServerHttpRequest;Lorg/springframework/http/server/ServerHttpResponse;)Ljava/lang/Object;"
              line="51">
        <counter type="INSTRUCTION" missed="16" covered="0"/>
        <counter type="BRANCH" missed="2" covered="0"/>
        <counter type="LINE" missed="3" covered="0"/>
        <counter type="COMPLEXITY" missed="2" covered="0"/>
        <counter type="METHOD" missed="1" covered="0"/>
      </method>
      <counter type="INSTRUCTION" missed="26" covered="0"/>
      <counter type="BRANCH" missed="2" covered="0"/>
      <counter type="LINE" missed="5" covered="0"/>
      <counter type="COMPLEXITY" missed="4" covered="0"/>
      <counter type="METHOD" missed="3" covered="0"/>
      <counter type="CLASS" missed="1" covered="0"/>
    </class>
    <sourcefile name="CommonSuccessfulResponseAdvice.java">
      <line nr="30" mi="3" ci="0" mb="0" cb="0"/>
      <line nr="40" mi="7" ci="0" mb="0" cb="0"/>
      <line nr="51" mi="3" ci="0" mb="2" cb="0"/>
      <line nr="52" mi="2" ci="0" mb="0" cb="0"/>
      <line nr="54" mi="11" ci="0" mb="0" cb="0"/>
      <counter type="INSTRUCTION" missed="26" covered="0"/>
      <counter type="BRANCH" missed="2" covered="0"/>
      <counter type="LINE" missed="5" covered="0"/>
      <counter type="COMPLEXITY" missed="4" covered="0"/>
      <counter type="METHOD" missed="3" covered="0"/>
      <counter type="CLASS" missed="1" covered="0"/>
    </sourcefile>
    <sourcefile name="UserController.java">
      <line nr="54" mi="3" ci="0" mb="0" cb="0"/>
      <line nr="80" mi="9" ci="0" mb="0" cb="0"/>
      <line nr="81" mi="9" ci="0" mb="0" cb="0"/>
      <line nr="93" mi="5" ci="0" mb="0" cb="0"/>
      <line nr="94" mi="9" ci="0" mb="0" cb="0"/>
      <line nr="106" mi="5" ci="0" mb="0" cb="0"/>
      <line nr="107" mi="9" ci="0" mb="0" cb="0"/>
      <line nr="118" mi="5" ci="0" mb="0" cb="0"/>
      <line nr="119" mi="9" ci="0" mb="0" cb="0"/>
      <line nr="132" mi="4" ci="0" mb="0" cb="0"/>
      <line nr="133" mi="10" ci="0" mb="0" cb="0"/>
      <counter type="INSTRUCTION" missed="77" covered="0"/>
      <counter type="LINE" missed="11" covered="0"/>
      <counter type="COMPLEXITY" missed="6" covered="0"/>
      <counter type="METHOD" missed="6" covered="0"/>
      <counter type="CLASS" missed="1" covered="0"/>
    </sourcefile>
    <sourcefile name="GlobalInitBinderHandler.java">
      <line nr="19" mi="3" ci="0" mb="0" cb="0"/>
      <line nr="22" mi="5" ci="0" mb="0" cb="0"/>
      <line nr="23" mi="4" ci="0" mb="0" cb="0"/>
      <line nr="24" mi="1" ci="0" mb="0" cb="0"/>
      <counter type="INSTRUCTION" missed="13" covered="0"/>
      <counter type="LINE" missed="4" covered="0"/>
      <counter type="COMPLEXITY" missed="2" covered="0"/>
      <counter type="METHOD" missed="2" covered="0"/>
      <counter type="CLASS" missed="1" covered="0"/>
    </sourcefile>
    <sourcefile name="RoleController.java">
      <line nr="50" mi="3" ci="0" mb="0" cb="0"/>
      <line nr="64" mi="4" ci="0" mb="0" cb="0"/>
      <line nr="65" mi="9" ci="0" mb="0" cb="0"/>
      <line nr="75" mi="5" ci="0" mb="0" cb="0"/>
      <line nr="76" mi="9" ci="0" mb="0" cb="0"/>
      <line nr="87" mi="5" ci="0" mb="0" cb="0"/>
      <line nr="88" mi="9" ci="0" mb="0" cb="0"/>
      <line nr="101" mi="4" ci="0" mb="0" cb="0"/>
      <line nr="102" mi="10" ci="0" mb="0" cb="0"/>
      <counter type="INSTRUCTION" missed="58" covered="0"/>
      <counter type="LINE" missed="9" covered="0"/>
      <counter type="COMPLEXITY" missed="5" covered="0"/>
      <counter type="METHOD" missed="5" covered="0"/>
      <counter type="CLASS" missed="1" covered="0"/>
    </sourcefile>
    <sourcefile name="ClaimController.java">
      <line nr="36" mi="3" ci="0" mb="0" cb="0"/>
      <line nr="50" mi="4" ci="0" mb="0" cb="0"/>
      <line nr="51" mi="9" ci="0" mb="0" cb="0"/>
      <counter type="INSTRUCTION" missed="16" covered="0"/>
      <counter type="LINE" missed="3" covered="0"/>
      <counter type="COMPLEXITY" missed="2" covered="0"/>
      <counter type="METHOD" missed="2" covered="0"/>
      <counter type="CLASS" missed="1" covered="0"/>
    </sourcefile>
    <counter type="INSTRUCTION" missed="190" covered="0"/>
    <counter type="BRANCH" missed="2" covered="0"/>
    <counter type="LINE" missed="32" covered="0"/>
    <counter type="COMPLEXITY" missed="19" covered="0"/>
    <counter type="METHOD" missed="18" covered="0"/>
    <counter type="CLASS" missed="5" covered="0"/>
  </package>
  <package name="com/backend/boilerplate/util">
    <class name="com/backend/boilerplate/util/ErrorGenerator" sourcefilename="ErrorGenerator.java">
      <method name="&lt;init&gt;" desc="()V" line="25">
        <counter type="INSTRUCTION" missed="6" covered="0"/>
        <counter type="LINE" missed="2" covered="0"/>
        <counter type="COMPLEXITY" missed="1" covered="0"/>
        <counter type="METHOD" missed="1" covered="0"/>
      </method>
      <method name="setErrorMessageSource" desc="(Lorg/springframework/context/MessageSource;)V" line="30">
        <counter type="INSTRUCTION" missed="3" covered="0"/>
        <counter type="LINE" missed="2" covered="0"/>
        <counter type="COMPLEXITY" missed="1" covered="0"/>
        <counter type="METHOD" missed="1" covered="0"/>
      </method>
      <method name="generateForCode" desc="(Ljava/lang/String;)Lcom/backend/boilerplate/exception/ErrorDetails;"
              line="34">
        <counter type="INSTRUCTION" missed="11" covered="0"/>
        <counter type="LINE" missed="2" covered="0"/>
        <counter type="COMPLEXITY" missed="1" covered="0"/>
        <counter type="METHOD" missed="1" covered="0"/>
      </method>
      <method name="generateForCodeWithTarget"
              desc="(Ljava/lang/String;Ljava/lang/String;)Lcom/backend/boilerplate/exception/ErrorDetails;" line="39">
        <counter type="INSTRUCTION" missed="12" covered="0"/>
        <counter type="LINE" missed="2" covered="0"/>
        <counter type="COMPLEXITY" missed="1" covered="0"/>
        <counter type="METHOD" missed="1" covered="0"/>
      </method>
      <method name="generateForCodeWithArguments"
              desc="(Ljava/lang/String;[Ljava/lang/Object;)Lcom/backend/boilerplate/exception/ErrorDetails;" line="45">
        <counter type="INSTRUCTION" missed="11" covered="0"/>
        <counter type="LINE" missed="2" covered="0"/>
        <counter type="COMPLEXITY" missed="1" covered="0"/>
        <counter type="METHOD" missed="1" covered="0"/>
      </method>
      <method name="generateForCodeWithArgumentsAndTarget"
              desc="(Ljava/lang/String;Ljava/lang/String;[Ljava/lang/Object;)Lcom/backend/boilerplate/exception/ErrorDetails;"
              line="50">
        <counter type="INSTRUCTION" missed="12" covered="0"/>
        <counter type="LINE" missed="2" covered="0"/>
        <counter type="COMPLEXITY" missed="1" covered="0"/>
        <counter type="METHOD" missed="1" covered="0"/>
      </method>
      <counter type="INSTRUCTION" missed="55" covered="0"/>
      <counter type="LINE" missed="12" covered="0"/>
      <counter type="COMPLEXITY" missed="6" covered="0"/>
      <counter type="METHOD" missed="6" covered="0"/>
      <counter type="CLASS" missed="1" covered="0"/>
    </class>
    <class name="com/backend/boilerplate/util/FunctionalReadWriteLock" sourcefilename="FunctionalReadWriteLock.java">
      <method name="&lt;init&gt;" desc="()V" line="23">
        <counter type="INSTRUCTION" missed="6" covered="0"/>
        <counter type="LINE" missed="2" covered="0"/>
        <counter type="COMPLEXITY" missed="1" covered="0"/>
        <counter type="METHOD" missed="1" covered="0"/>
      </method>
      <method name="&lt;init&gt;" desc="(Ljava/util/concurrent/locks/ReadWriteLock;)V" line="26">
        <counter type="INSTRUCTION" missed="11" covered="0"/>
        <counter type="LINE" missed="4" covered="0"/>
        <counter type="COMPLEXITY" missed="1" covered="0"/>
        <counter type="METHOD" missed="1" covered="0"/>
      </method>
      <method name="read" desc="(Ljava/util/function/Supplier;)Ljava/lang/Object;" line="32">
        <counter type="INSTRUCTION" missed="11" covered="0"/>
        <counter type="LINE" missed="3" covered="0"/>
        <counter type="COMPLEXITY" missed="1" covered="0"/>
        <counter type="METHOD" missed="1" covered="0"/>
      </method>
      <method name="read" desc="(Ljava/lang/Runnable;)V" line="41">
        <counter type="INSTRUCTION" missed="9" covered="0"/>
        <counter type="LINE" missed="4" covered="0"/>
        <counter type="COMPLEXITY" missed="1" covered="0"/>
        <counter type="METHOD" missed="1" covered="0"/>
      </method>
      <method name="write" desc="(Ljava/util/function/Supplier;)Ljava/lang/Object;" line="50">
        <counter type="INSTRUCTION" missed="11" covered="0"/>
        <counter type="LINE" missed="3" covered="0"/>
        <counter type="COMPLEXITY" missed="1" covered="0"/>
        <counter type="METHOD" missed="1" covered="0"/>
      </method>
      <method name="write" desc="(Ljava/lang/Runnable;)V" line="59">
        <counter type="INSTRUCTION" missed="9" covered="0"/>
        <counter type="LINE" missed="4" covered="0"/>
        <counter type="COMPLEXITY" missed="1" covered="0"/>
        <counter type="METHOD" missed="1" covered="0"/>
      </method>
      <counter type="INSTRUCTION" missed="57" covered="0"/>
      <counter type="LINE" missed="20" covered="0"/>
      <counter type="COMPLEXITY" missed="6" covered="0"/>
      <counter type="METHOD" missed="6" covered="0"/>
      <counter type="CLASS" missed="1" covered="0"/>
    </class>
    <class name="com/backend/boilerplate/util/ErrorGeneratorInitializer"
           sourcefilename="ErrorGeneratorInitializer.java">
      <method name="&lt;init&gt;" desc="()V" line="21">
        <counter type="INSTRUCTION" missed="3" covered="0"/>
        <counter type="LINE" missed="1" covered="0"/>
        <counter type="COMPLEXITY" missed="1" covered="0"/>
        <counter type="METHOD" missed="1" covered="0"/>
      </method>
      <method name="setErrorMessageSource" desc="()V" line="29">
        <counter type="INSTRUCTION" missed="4" covered="0"/>
        <counter type="LINE" missed="2" covered="0"/>
        <counter type="COMPLEXITY" missed="1" covered="0"/>
        <counter type="METHOD" missed="1" covered="0"/>
      </method>
      <method name="getErrorMessageSource" desc="()Lorg/springframework/context/MessageSource;" line="23">
        <counter type="INSTRUCTION" missed="3" covered="0"/>
        <counter type="LINE" missed="1" covered="0"/>
        <counter type="COMPLEXITY" missed="1" covered="0"/>
        <counter type="METHOD" missed="1" covered="0"/>
      </method>
      <counter type="INSTRUCTION" missed="10" covered="0"/>
      <counter type="LINE" missed="4" covered="0"/>
      <counter type="COMPLEXITY" missed="3" covered="0"/>
      <counter type="METHOD" missed="3" covered="0"/>
      <counter type="CLASS" missed="1" covered="0"/>
    </class>
    <sourcefile name="FunctionalReadWriteLock.java">
      <line nr="23" mi="5" ci="0" mb="0" cb="0"/>
      <line nr="24" mi="1" ci="0" mb="0" cb="0"/>
      <line nr="26" mi="2" ci="0" mb="0" cb="0"/>
      <line nr="27" mi="4" ci="0" mb="0" cb="0"/>
      <line nr="28" mi="4" ci="0" mb="0" cb="0"/>
      <line nr="29" mi="1" ci="0" mb="0" cb="0"/>
      <line nr="32" mi="3" ci="0" mb="0" cb="0"/>
      <line nr="34" mi="5" ci="0" mb="0" cb="0"/>
      <line nr="36" mi="3" ci="0" mb="0" cb="0"/>
      <line nr="41" mi="3" ci="0" mb="0" cb="0"/>
      <line nr="43" mi="2" ci="0" mb="0" cb="0"/>
      <line nr="45" mi="3" ci="0" mb="0" cb="0"/>
      <line nr="47" mi="1" ci="0" mb="0" cb="0"/>
      <line nr="50" mi="3" ci="0" mb="0" cb="0"/>
      <line nr="52" mi="5" ci="0" mb="0" cb="0"/>
      <line nr="54" mi="3" ci="0" mb="0" cb="0"/>
      <line nr="59" mi="3" ci="0" mb="0" cb="0"/>
      <line nr="61" mi="2" ci="0" mb="0" cb="0"/>
      <line nr="63" mi="3" ci="0" mb="0" cb="0"/>
      <line nr="65" mi="1" ci="0" mb="0" cb="0"/>
      <counter type="INSTRUCTION" missed="57" covered="0"/>
      <counter type="LINE" missed="20" covered="0"/>
      <counter type="COMPLEXITY" missed="6" covered="0"/>
      <counter type="METHOD" missed="6" covered="0"/>
      <counter type="CLASS" missed="1" covered="0"/>
    </sourcefile>
    <sourcefile name="ErrorGenerator.java">
      <line nr="25" mi="2" ci="0" mb="0" cb="0"/>
      <line nr="26" mi="4" ci="0" mb="0" cb="0"/>
      <line nr="30" mi="2" ci="0" mb="0" cb="0"/>
      <line nr="31" mi="1" ci="0" mb="0" cb="0"/>
      <line nr="34" mi="8" ci="0" mb="0" cb="0"/>
      <line nr="35" mi="3" ci="0" mb="0" cb="0"/>
      <line nr="39" mi="8" ci="0" mb="0" cb="0"/>
      <line nr="40" mi="4" ci="0" mb="0" cb="0"/>
      <line nr="45" mi="8" ci="0" mb="0" cb="0"/>
      <line nr="46" mi="3" ci="0" mb="0" cb="0"/>
      <line nr="50" mi="8" ci="0" mb="0" cb="0"/>
      <line nr="51" mi="4" ci="0" mb="0" cb="0"/>
      <counter type="INSTRUCTION" missed="55" covered="0"/>
      <counter type="LINE" missed="12" covered="0"/>
      <counter type="COMPLEXITY" missed="6" covered="0"/>
      <counter type="METHOD" missed="6" covered="0"/>
      <counter type="CLASS" missed="1" covered="0"/>
    </sourcefile>
    <sourcefile name="ErrorGeneratorInitializer.java">
      <line nr="21" mi="3" ci="0" mb="0" cb="0"/>
      <line nr="23" mi="3" ci="0" mb="0" cb="0"/>
      <line nr="29" mi="3" ci="0" mb="0" cb="0"/>
      <line nr="30" mi="1" ci="0" mb="0" cb="0"/>
      <counter type="INSTRUCTION" missed="10" covered="0"/>
      <counter type="LINE" missed="4" covered="0"/>
      <counter type="COMPLEXITY" missed="3" covered="0"/>
      <counter type="METHOD" missed="3" covered="0"/>
      <counter type="CLASS" missed="1" covered="0"/>
    </sourcefile>
    <counter type="INSTRUCTION" missed="122" covered="0"/>
    <counter type="LINE" missed="36" covered="0"/>
    <counter type="COMPLEXITY" missed="15" covered="0"/>
    <counter type="METHOD" missed="15" covered="0"/>
    <counter type="CLASS" missed="3" covered="0"/>
  </package>
  <package name="com/backend/boilerplate/service/impl">
    <class name="com/backend/boilerplate/service/impl/RoleServiceImpl$2" sourcefilename="RoleServiceImpl.java">
      <method name="&lt;init&gt;"
              desc="(Lcom/backend/boilerplate/service/impl/RoleServiceImpl;Lcom/backend/boilerplate/entity/Role;Ljava/util/List;Ljava/util/List;)V"
              line="173">
        <counter type="INSTRUCTION" missed="15" covered="0"/>
        <counter type="LINE" missed="1" covered="0"/>
        <counter type="COMPLEXITY" missed="1" covered="0"/>
        <counter type="METHOD" missed="1" covered="0"/>
      </method>
      <method name="doInTransactionWithoutResult" desc="(Lorg/springframework/transaction/TransactionStatus;)V"
              line="176">
        <counter type="INSTRUCTION" missed="61" covered="0"/>
        <counter type="BRANCH" missed="4" covered="0"/>
        <counter type="LINE" missed="14" covered="0"/>
        <counter type="COMPLEXITY" missed="3" covered="0"/>
        <counter type="METHOD" missed="1" covered="0"/>
      </method>
      <counter type="INSTRUCTION" missed="76" covered="0"/>
      <counter type="BRANCH" missed="4" covered="0"/>
      <counter type="LINE" missed="15" covered="0"/>
      <counter type="COMPLEXITY" missed="4" covered="0"/>
      <counter type="METHOD" missed="2" covered="0"/>
      <counter type="CLASS" missed="1" covered="0"/>
    </class>
    <class name="com/backend/boilerplate/service/impl/RoleServiceImpl$1" sourcefilename="RoleServiceImpl.java">
      <method name="&lt;init&gt;"
              desc="(Lcom/backend/boilerplate/service/impl/RoleServiceImpl;Lcom/backend/boilerplate/entity/Role;Ljava/util/List;)V"
              line="122">
        <counter type="INSTRUCTION" missed="12" covered="0"/>
        <counter type="LINE" missed="1" covered="0"/>
        <counter type="COMPLEXITY" missed="1" covered="0"/>
        <counter type="METHOD" missed="1" covered="0"/>
      </method>
      <method name="doInTransactionWithoutResult" desc="(Lorg/springframework/transaction/TransactionStatus;)V"
              line="125">
        <counter type="INSTRUCTION" missed="53" covered="0"/>
        <counter type="LINE" missed="12" covered="0"/>
        <counter type="COMPLEXITY" missed="1" covered="0"/>
        <counter type="METHOD" missed="1" covered="0"/>
      </method>
      <method name="lambda$doInTransactionWithoutResult$0"
              desc="(Lcom/backend/boilerplate/entity/Role;Lcom/backend/boilerplate/entity/RoleClaim;)V" line="135">
        <counter type="INSTRUCTION" missed="4" covered="0"/>
        <counter type="LINE" missed="1" covered="0"/>
        <counter type="COMPLEXITY" missed="1" covered="0"/>
        <counter type="METHOD" missed="1" covered="0"/>
      </method>
      <counter type="INSTRUCTION" missed="69" covered="0"/>
      <counter type="LINE" missed="13" covered="0"/>
      <counter type="COMPLEXITY" missed="3" covered="0"/>
      <counter type="METHOD" missed="3" covered="0"/>
      <counter type="CLASS" missed="1" covered="0"/>
    </class>
    <class name="com/backend/boilerplate/service/impl/UserServiceImpl" sourcefilename="UserServiceImpl.java">
      <method name="&lt;init&gt;" desc="(Lorg/springframework/transaction/PlatformTransactionManager;)V" line="75">
        <counter type="INSTRUCTION" missed="9" covered="0"/>
        <counter type="LINE" missed="3" covered="0"/>
        <counter type="COMPLEXITY" missed="1" covered="0"/>
        <counter type="METHOD" missed="1" covered="0"/>
      </method>
      <method name="prepareUserDto" desc="(Lcom/backend/boilerplate/entity/User;)Lcom/backend/boilerplate/dto/UserDto;"
              line="82">
        <counter type="INSTRUCTION" missed="26" covered="0"/>
        <counter type="LINE" missed="8" covered="0"/>
        <counter type="COMPLEXITY" missed="1" covered="0"/>
        <counter type="METHOD" missed="1" covered="0"/>
      </method>
      <method name="getUserByUuid" desc="(Ljava/util/UUID;)Lcom/backend/boilerplate/dto/UserDto;" line="101">
        <counter type="INSTRUCTION" missed="14" covered="0"/>
        <counter type="LINE" missed="3" covered="0"/>
        <counter type="COMPLEXITY" missed="1" covered="0"/>
        <counter type="METHOD" missed="1" covered="0"/>
      </method>
      <method name="createUser"
              desc="(Lcom/backend/boilerplate/dto/CreateUserDto;)Lcom/backend/boilerplate/dto/UserDto;" line="109">
        <counter type="INSTRUCTION" missed="63" covered="0"/>
        <counter type="LINE" missed="14" covered="0"/>
        <counter type="COMPLEXITY" missed="1" covered="0"/>
        <counter type="METHOD" missed="1" covered="0"/>
      </method>
      <method name="updateUser"
              desc="(Lcom/backend/boilerplate/dto/UpdateUserDto;)Lcom/backend/boilerplate/dto/UserDto;" line="153">
        <counter type="INSTRUCTION" missed="86" covered="0"/>
        <counter type="LINE" missed="22" covered="0"/>
        <counter type="COMPLEXITY" missed="1" covered="0"/>
        <counter type="METHOD" missed="1" covered="0"/>
      </method>
      <method name="deleteUser" desc="(Ljava/util/UUID;)V" line="210">
        <counter type="INSTRUCTION" missed="27" covered="0"/>
        <counter type="LINE" missed="7" covered="0"/>
        <counter type="COMPLEXITY" missed="1" covered="0"/>
        <counter type="METHOD" missed="1" covered="0"/>
      </method>
      <method name="lambda$updateUser$5" desc="(Lcom/backend/boilerplate/entity/UserRole;)Z" line="173">
        <counter type="INSTRUCTION" missed="7" covered="0"/>
        <counter type="LINE" missed="1" covered="0"/>
        <counter type="COMPLEXITY" missed="1" covered="0"/>
        <counter type="METHOD" missed="1" covered="0"/>
      </method>
      <method name="lambda$updateUser$4"
              desc="(Lcom/backend/boilerplate/entity/User;Lcom/backend/boilerplate/entity/Role;)Lcom/backend/boilerplate/entity/UserRole;"
              line="169">
        <counter type="INSTRUCTION" missed="6" covered="0"/>
        <counter type="LINE" missed="1" covered="0"/>
        <counter type="COMPLEXITY" missed="1" covered="0"/>
        <counter type="METHOD" missed="1" covered="0"/>
      </method>
      <method name="lambda$updateUser$3" desc="(Ljava/util/UUID;)Lcom/backend/boilerplate/entity/Role;" line="168">
        <counter type="INSTRUCTION" missed="8" covered="0"/>
        <counter type="LINE" missed="1" covered="0"/>
        <counter type="COMPLEXITY" missed="1" covered="0"/>
        <counter type="METHOD" missed="1" covered="0"/>
      </method>
      <method name="lambda$createUser$2"
              desc="(Lcom/backend/boilerplate/entity/User;Lcom/backend/boilerplate/entity/Role;)Lcom/backend/boilerplate/entity/UserRole;"
              line="121">
        <counter type="INSTRUCTION" missed="6" covered="0"/>
        <counter type="LINE" missed="1" covered="0"/>
        <counter type="COMPLEXITY" missed="1" covered="0"/>
        <counter type="METHOD" missed="1" covered="0"/>
      </method>
      <method name="lambda$createUser$1" desc="(Ljava/util/UUID;)Lcom/backend/boilerplate/entity/Role;" line="120">
        <counter type="INSTRUCTION" missed="8" covered="0"/>
        <counter type="LINE" missed="1" covered="0"/>
        <counter type="COMPLEXITY" missed="1" covered="0"/>
        <counter type="METHOD" missed="1" covered="0"/>
      </method>
      <method name="lambda$prepareUserDto$0" desc="(Lcom/backend/boilerplate/entity/UserRole;)Z" line="85">
        <counter type="INSTRUCTION" missed="11" covered="0"/>
        <counter type="BRANCH" missed="2" covered="0"/>
        <counter type="LINE" missed="1" covered="0"/>
        <counter type="COMPLEXITY" missed="2" covered="0"/>
        <counter type="METHOD" missed="1" covered="0"/>
      </method>
      <counter type="INSTRUCTION" missed="271" covered="0"/>
      <counter type="BRANCH" missed="2" covered="0"/>
      <counter type="LINE" missed="57" covered="0"/>
      <counter type="COMPLEXITY" missed="13" covered="0"/>
      <counter type="METHOD" missed="12" covered="0"/>
      <counter type="CLASS" missed="1" covered="0"/>
    </class>
    <class name="com/backend/boilerplate/service/impl/ClaimServiceImpl" sourcefilename="ClaimServiceImpl.java">
      <method name="&lt;init&gt;" desc="(Lorg/springframework/transaction/PlatformTransactionManager;)V" line="38">
        <counter type="INSTRUCTION" missed="9" covered="0"/>
        <counter type="LINE" missed="3" covered="0"/>
        <counter type="COMPLEXITY" missed="1" covered="0"/>
        <counter type="METHOD" missed="1" covered="0"/>
      </method>
      <method name="getAllClaims" desc="()Ljava/util/List;" line="44">
        <counter type="INSTRUCTION" missed="9" covered="0"/>
        <counter type="LINE" missed="2" covered="0"/>
        <counter type="COMPLEXITY" missed="1" covered="0"/>
        <counter type="METHOD" missed="1" covered="0"/>
      </method>
      <counter type="INSTRUCTION" missed="18" covered="0"/>
      <counter type="LINE" missed="5" covered="0"/>
      <counter type="COMPLEXITY" missed="2" covered="0"/>
      <counter type="METHOD" missed="2" covered="0"/>
      <counter type="CLASS" missed="1" covered="0"/>
    </class>
    <class name="com/backend/boilerplate/service/impl/RoleServiceImpl$3" sourcefilename="RoleServiceImpl.java">
      <method name="&lt;init&gt;"
              desc="(Lcom/backend/boilerplate/service/impl/RoleServiceImpl;Lcom/backend/boilerplate/entity/Role;)V"
              line="220">
        <counter type="INSTRUCTION" missed="9" covered="0"/>
        <counter type="LINE" missed="1" covered="0"/>
        <counter type="COMPLEXITY" missed="1" covered="0"/>
        <counter type="METHOD" missed="1" covered="0"/>
      </method>
      <method name="doInTransactionWithoutResult" desc="(Lorg/springframework/transaction/TransactionStatus;)V"
              line="223">
        <counter type="INSTRUCTION" missed="46" covered="0"/>
        <counter type="LINE" missed="11" covered="0"/>
        <counter type="COMPLEXITY" missed="1" covered="0"/>
        <counter type="METHOD" missed="1" covered="0"/>
      </method>
      <counter type="INSTRUCTION" missed="55" covered="0"/>
      <counter type="LINE" missed="12" covered="0"/>
      <counter type="COMPLEXITY" missed="2" covered="0"/>
      <counter type="METHOD" missed="2" covered="0"/>
      <counter type="CLASS" missed="1" covered="0"/>
    </class>
    <class name="com/backend/boilerplate/service/impl/RoleServiceImpl" sourcefilename="RoleServiceImpl.java">
      <method name="&lt;init&gt;" desc="(Lorg/springframework/transaction/PlatformTransactionManager;)V" line="86">
        <counter type="INSTRUCTION" missed="9" covered="0"/>
        <counter type="LINE" missed="3" covered="0"/>
        <counter type="COMPLEXITY" missed="1" covered="0"/>
        <counter type="METHOD" missed="1" covered="0"/>
      </method>
      <method name="getAllRoles" desc="()Ljava/util/List;" line="92">
        <counter type="INSTRUCTION" missed="15" covered="0"/>
        <counter type="LINE" missed="5" covered="0"/>
        <counter type="COMPLEXITY" missed="1" covered="0"/>
        <counter type="METHOD" missed="1" covered="0"/>
      </method>
      <method name="createRole"
              desc="(Lcom/backend/boilerplate/dto/CreateRoleDto;)Lcom/backend/boilerplate/dto/RoleDto;" line="109">
        <counter type="INSTRUCTION" missed="59" covered="0"/>
        <counter type="LINE" missed="16" covered="0"/>
        <counter type="COMPLEXITY" missed="1" covered="0"/>
        <counter type="METHOD" missed="1" covered="0"/>
      </method>
      <method name="updateRole"
              desc="(Lcom/backend/boilerplate/dto/UpdateRoleDto;)Lcom/backend/boilerplate/dto/RoleDto;" line="151">
        <counter type="INSTRUCTION" missed="87" covered="0"/>
        <counter type="LINE" missed="23" covered="0"/>
        <counter type="COMPLEXITY" missed="1" covered="0"/>
        <counter type="METHOD" missed="1" covered="0"/>
      </method>
      <method name="deleteRole" desc="(Ljava/util/UUID;)V" line="206">
        <counter type="INSTRUCTION" missed="41" covered="0"/>
        <counter type="BRANCH" missed="2" covered="0"/>
        <counter type="LINE" missed="10" covered="0"/>
        <counter type="COMPLEXITY" missed="2" covered="0"/>
        <counter type="METHOD" missed="1" covered="0"/>
      </method>
      <method name="lambda$updateRole$7"
              desc="(Lcom/backend/boilerplate/entity/Claim;)Lcom/backend/boilerplate/dto/ClaimDto;" line="197">
        <counter type="INSTRUCTION" missed="5" covered="0"/>
        <counter type="LINE" missed="1" covered="0"/>
        <counter type="COMPLEXITY" missed="1" covered="0"/>
        <counter type="METHOD" missed="1" covered="0"/>
      </method>
      <method name="lambda$updateRole$6"
              desc="(Lcom/backend/boilerplate/entity/Role;Lcom/backend/boilerplate/entity/Claim;)Lcom/backend/boilerplate/entity/RoleClaim;"
              line="166">
        <counter type="INSTRUCTION" missed="6" covered="0"/>
        <counter type="LINE" missed="1" covered="0"/>
        <counter type="COMPLEXITY" missed="1" covered="0"/>
        <counter type="METHOD" missed="1" covered="0"/>
      </method>
      <method name="lambda$updateRole$5" desc="(Ljava/util/UUID;)Lcom/backend/boilerplate/entity/Claim;" line="165">
        <counter type="INSTRUCTION" missed="8" covered="0"/>
        <counter type="LINE" missed="1" covered="0"/>
        <counter type="COMPLEXITY" missed="1" covered="0"/>
        <counter type="METHOD" missed="1" covered="0"/>
      </method>
      <method name="lambda$createRole$4"
              desc="(Lcom/backend/boilerplate/entity/Claim;)Lcom/backend/boilerplate/dto/ClaimDto;" line="142">
        <counter type="INSTRUCTION" missed="5" covered="0"/>
        <counter type="LINE" missed="1" covered="0"/>
        <counter type="COMPLEXITY" missed="1" covered="0"/>
        <counter type="METHOD" missed="1" covered="0"/>
      </method>
      <method name="lambda$createRole$3"
              desc="(Lcom/backend/boilerplate/entity/Role;Lcom/backend/boilerplate/entity/Claim;)Lcom/backend/boilerplate/entity/RoleClaim;"
              line="119">
        <counter type="INSTRUCTION" missed="6" covered="0"/>
        <counter type="LINE" missed="1" covered="0"/>
        <counter type="COMPLEXITY" missed="1" covered="0"/>
        <counter type="METHOD" missed="1" covered="0"/>
      </method>
      <method name="lambda$createRole$2" desc="(Ljava/util/UUID;)Lcom/backend/boilerplate/entity/Claim;" line="118">
        <counter type="INSTRUCTION" missed="8" covered="0"/>
        <counter type="LINE" missed="1" covered="0"/>
        <counter type="COMPLEXITY" missed="1" covered="0"/>
        <counter type="METHOD" missed="1" covered="0"/>
      </method>
      <method name="lambda$getAllRoles$1"
              desc="(Lcom/backend/boilerplate/entity/Role;)Lcom/backend/boilerplate/dto/RoleDto;" line="97">
        <counter type="INSTRUCTION" missed="24" covered="0"/>
        <counter type="LINE" missed="6" covered="0"/>
        <counter type="COMPLEXITY" missed="1" covered="0"/>
        <counter type="METHOD" missed="1" covered="0"/>
      </method>
      <method name="lambda$getAllRoles$0" desc="(Lcom/backend/boilerplate/entity/Role;)Z" line="94">
        <counter type="INSTRUCTION" missed="16" covered="0"/>
        <counter type="BRANCH" missed="4" covered="0"/>
        <counter type="LINE" missed="2" covered="0"/>
        <counter type="COMPLEXITY" missed="3" covered="0"/>
        <counter type="METHOD" missed="1" covered="0"/>
      </method>
      <counter type="INSTRUCTION" missed="289" covered="0"/>
      <counter type="BRANCH" missed="6" covered="0"/>
      <counter type="LINE" missed="64" covered="0"/>
      <counter type="COMPLEXITY" missed="16" covered="0"/>
      <counter type="METHOD" missed="13" covered="0"/>
      <counter type="CLASS" missed="1" covered="0"/>
    </class>
    <class name="com/backend/boilerplate/service/impl/UserPaginationServiceImpl"
           sourcefilename="UserPaginationServiceImpl.java">
      <method name="&lt;init&gt;" desc="()V" line="35">
        <counter type="INSTRUCTION" missed="14" covered="0"/>
        <counter type="LINE" missed="3" covered="0"/>
        <counter type="COMPLEXITY" missed="1" covered="0"/>
        <counter type="METHOD" missed="1" covered="0"/>
      </method>
      <method name="setSortingParameters" desc="()V" line="52">
        <counter type="INSTRUCTION" missed="8" covered="0"/>
        <counter type="LINE" missed="2" covered="0"/>
        <counter type="COMPLEXITY" missed="1" covered="0"/>
        <counter type="METHOD" missed="1" covered="0"/>
      </method>
      <method name="setDefaultSortParameter" desc="()V" line="57">
        <counter type="INSTRUCTION" missed="8" covered="0"/>
        <counter type="LINE" missed="2" covered="0"/>
        <counter type="COMPLEXITY" missed="1" covered="0"/>
        <counter type="METHOD" missed="1" covered="0"/>
      </method>
      <method name="getPageDto"
              desc="(Ljava/lang/Integer;Ljava/lang/Integer;Ljava/lang/String;Z)Lcom/backend/boilerplate/dto/UserPageDto;"
              line="64">
        <counter type="INSTRUCTION" missed="58" covered="0"/>
        <counter type="BRANCH" missed="4" covered="0"/>
        <counter type="LINE" missed="15" covered="0"/>
        <counter type="COMPLEXITY" missed="3" covered="0"/>
        <counter type="METHOD" missed="1" covered="0"/>
      </method>
      <method name="isValidPageNo" desc="(Ljava/lang/Integer;Ljava/lang/Integer;)Z" line="84">
        <counter type="INSTRUCTION" missed="49" covered="0"/>
        <counter type="BRANCH" missed="8" covered="0"/>
        <counter type="LINE" missed="10" covered="0"/>
        <counter type="COMPLEXITY" missed="5" covered="0"/>
        <counter type="METHOD" missed="1" covered="0"/>
      </method>
      <method name="lambda$isValidPageNo$4" desc="(Ljava/util/concurrent/atomic/AtomicLong;Ljava/lang/Integer;)V"
              line="93">
        <counter type="INSTRUCTION" missed="20" covered="0"/>
        <counter type="LINE" missed="4" covered="0"/>
        <counter type="COMPLEXITY" missed="1" covered="0"/>
        <counter type="METHOD" missed="1" covered="0"/>
      </method>
      <method name="lambda$isValidPageNo$3" desc="(Ljava/util/concurrent/atomic/AtomicLong;Ljava/lang/Integer;)V"
              line="90">
        <counter type="INSTRUCTION" missed="12" covered="0"/>
        <counter type="LINE" missed="1" covered="0"/>
        <counter type="COMPLEXITY" missed="1" covered="0"/>
        <counter type="METHOD" missed="1" covered="0"/>
      </method>
      <method name="lambda$getPageDto$2" desc="(Lcom/backend/boilerplate/dto/UserPageDto;)V" line="78">
        <counter type="INSTRUCTION" missed="7" covered="0"/>
        <counter type="LINE" missed="1" covered="0"/>
        <counter type="COMPLEXITY" missed="1" covered="0"/>
        <counter type="METHOD" missed="1" covered="0"/>
      </method>
      <method name="lambda$getPageDto$1" desc="(Lorg/springframework/data/domain/Page;)V" line="77">
        <counter type="INSTRUCTION" missed="6" covered="0"/>
        <counter type="LINE" missed="1" covered="0"/>
        <counter type="COMPLEXITY" missed="1" covered="0"/>
        <counter type="METHOD" missed="1" covered="0"/>
      </method>
      <method name="lambda$getPageDto$0"
              desc="(Lcom/backend/boilerplate/entity/User;)Lcom/backend/boilerplate/dto/UserDto;" line="74">
        <counter type="INSTRUCTION" missed="5" covered="0"/>
        <counter type="LINE" missed="1" covered="0"/>
        <counter type="COMPLEXITY" missed="1" covered="0"/>
        <counter type="METHOD" missed="1" covered="0"/>
      </method>
      <method name="&lt;clinit&gt;" desc="()V" line="33">
        <counter type="INSTRUCTION" missed="4" covered="0"/>
        <counter type="LINE" missed="1" covered="0"/>
        <counter type="COMPLEXITY" missed="1" covered="0"/>
        <counter type="METHOD" missed="1" covered="0"/>
      </method>
      <counter type="INSTRUCTION" missed="191" covered="0"/>
      <counter type="BRANCH" missed="12" covered="0"/>
      <counter type="LINE" missed="37" covered="0"/>
      <counter type="COMPLEXITY" missed="17" covered="0"/>
      <counter type="METHOD" missed="11" covered="0"/>
      <counter type="CLASS" missed="1" covered="0"/>
    </class>
    <class name="com/backend/boilerplate/service/impl/AbstractPaginationService"
           sourcefilename="AbstractPaginationService.java">
      <method name="&lt;init&gt;" desc="()V" line="27">
        <counter type="INSTRUCTION" missed="3" covered="0"/>
        <counter type="LINE" missed="1" covered="0"/>
        <counter type="COMPLEXITY" missed="1" covered="0"/>
        <counter type="METHOD" missed="1" covered="0"/>
      </method>
      <method name="init" desc="()V" line="43">
        <counter type="INSTRUCTION" missed="25" covered="0"/>
        <counter type="LINE" missed="7" covered="0"/>
        <counter type="COMPLEXITY" missed="1" covered="0"/>
        <counter type="METHOD" missed="1" covered="0"/>
      </method>
      <method name="getPageable"
              desc="(Ljava/util/Optional;Ljava/util/Optional;Ljava/util/Optional;Z)Lorg/springframework/data/domain/Pageable;"
              line="53">
        <counter type="INSTRUCTION" missed="77" covered="0"/>
        <counter type="BRANCH" missed="8" covered="0"/>
        <counter type="LINE" missed="14" covered="0"/>
        <counter type="COMPLEXITY" missed="5" covered="0"/>
        <counter type="METHOD" missed="1" covered="0"/>
      </method>
      <method name="getDefaultPageSize" desc="()Ljava/lang/Integer;" line="29">
        <counter type="INSTRUCTION" missed="3" covered="0"/>
        <counter type="LINE" missed="1" covered="0"/>
        <counter type="COMPLEXITY" missed="1" covered="0"/>
        <counter type="METHOD" missed="1" covered="0"/>
      </method>
      <method name="getMaxPageSize" desc="()Ljava/lang/Integer;" line="33">
        <counter type="INSTRUCTION" missed="3" covered="0"/>
        <counter type="LINE" missed="1" covered="0"/>
        <counter type="COMPLEXITY" missed="1" covered="0"/>
        <counter type="METHOD" missed="1" covered="0"/>
      </method>
      <method name="&lt;clinit&gt;" desc="()V" line="26">
        <counter type="INSTRUCTION" missed="4" covered="0"/>
        <counter type="LINE" missed="1" covered="0"/>
        <counter type="COMPLEXITY" missed="1" covered="0"/>
        <counter type="METHOD" missed="1" covered="0"/>
      </method>
      <counter type="INSTRUCTION" missed="115" covered="0"/>
      <counter type="BRANCH" missed="8" covered="0"/>
      <counter type="LINE" missed="25" covered="0"/>
      <counter type="COMPLEXITY" missed="10" covered="0"/>
      <counter type="METHOD" missed="6" covered="0"/>
      <counter type="CLASS" missed="1" covered="0"/>
    </class>
    <class name="com/backend/boilerplate/service/impl/UserServiceImpl$1" sourcefilename="UserServiceImpl.java">
      <method name="&lt;init&gt;"
              desc="(Lcom/backend/boilerplate/service/impl/UserServiceImpl;Lcom/backend/boilerplate/entity/User;Ljava/util/List;)V"
              line="128">
        <counter type="INSTRUCTION" missed="12" covered="0"/>
        <counter type="LINE" missed="1" covered="0"/>
        <counter type="COMPLEXITY" missed="1" covered="0"/>
        <counter type="METHOD" missed="1" covered="0"/>
      </method>
      <method name="doInTransactionWithoutResult" desc="(Lorg/springframework/transaction/TransactionStatus;)V"
              line="131">
        <counter type="INSTRUCTION" missed="61" covered="0"/>
        <counter type="LINE" missed="14" covered="0"/>
        <counter type="COMPLEXITY" missed="1" covered="0"/>
        <counter type="METHOD" missed="1" covered="0"/>
      </method>
      <method name="lambda$doInTransactionWithoutResult$0"
              desc="(Lcom/backend/boilerplate/entity/User;Lcom/backend/boilerplate/entity/UserRole;)V" line="143">
        <counter type="INSTRUCTION" missed="4" covered="0"/>
        <counter type="LINE" missed="1" covered="0"/>
        <counter type="COMPLEXITY" missed="1" covered="0"/>
        <counter type="METHOD" missed="1" covered="0"/>
      </method>
      <counter type="INSTRUCTION" missed="77" covered="0"/>
      <counter type="LINE" missed="15" covered="0"/>
      <counter type="COMPLEXITY" missed="3" covered="0"/>
      <counter type="METHOD" missed="3" covered="0"/>
      <counter type="CLASS" missed="1" covered="0"/>
    </class>
    <class name="com/backend/boilerplate/service/impl/UserServiceImpl$3" sourcefilename="UserServiceImpl.java">
      <method name="&lt;init&gt;"
              desc="(Lcom/backend/boilerplate/service/impl/UserServiceImpl;Lcom/backend/boilerplate/entity/User;)V"
              line="220">
        <counter type="INSTRUCTION" missed="9" covered="0"/>
        <counter type="LINE" missed="1" covered="0"/>
        <counter type="COMPLEXITY" missed="1" covered="0"/>
        <counter type="METHOD" missed="1" covered="0"/>
      </method>
      <method name="doInTransactionWithoutResult" desc="(Lorg/springframework/transaction/TransactionStatus;)V"
              line="223">
        <counter type="INSTRUCTION" missed="54" covered="0"/>
        <counter type="LINE" missed="13" covered="0"/>
        <counter type="COMPLEXITY" missed="1" covered="0"/>
        <counter type="METHOD" missed="1" covered="0"/>
      </method>
      <counter type="INSTRUCTION" missed="63" covered="0"/>
      <counter type="LINE" missed="14" covered="0"/>
      <counter type="COMPLEXITY" missed="2" covered="0"/>
      <counter type="METHOD" missed="2" covered="0"/>
      <counter type="CLASS" missed="1" covered="0"/>
    </class>
    <class name="com/backend/boilerplate/service/impl/UserServiceImpl$2" sourcefilename="UserServiceImpl.java">
      <method name="&lt;init&gt;"
              desc="(Lcom/backend/boilerplate/service/impl/UserServiceImpl;Lcom/backend/boilerplate/entity/User;Ljava/util/List;Ljava/util/List;)V"
              line="181">
        <counter type="INSTRUCTION" missed="15" covered="0"/>
        <counter type="LINE" missed="1" covered="0"/>
        <counter type="COMPLEXITY" missed="1" covered="0"/>
        <counter type="METHOD" missed="1" covered="0"/>
      </method>
      <method name="doInTransactionWithoutResult" desc="(Lorg/springframework/transaction/TransactionStatus;)V"
              line="184">
        <counter type="INSTRUCTION" missed="69" covered="0"/>
        <counter type="BRANCH" missed="4" covered="0"/>
        <counter type="LINE" missed="16" covered="0"/>
        <counter type="COMPLEXITY" missed="3" covered="0"/>
        <counter type="METHOD" missed="1" covered="0"/>
      </method>
      <counter type="INSTRUCTION" missed="84" covered="0"/>
      <counter type="BRANCH" missed="4" covered="0"/>
      <counter type="LINE" missed="17" covered="0"/>
      <counter type="COMPLEXITY" missed="4" covered="0"/>
      <counter type="METHOD" missed="2" covered="0"/>
      <counter type="CLASS" missed="1" covered="0"/>
    </class>
    <sourcefile name="UserPaginationServiceImpl.java">
      <line nr="33" mi="4" ci="0" mb="0" cb="0"/>
      <line nr="35" mi="2" ci="0" mb="0" cb="0"/>
      <line nr="46" mi="6" ci="0" mb="0" cb="0"/>
      <line nr="48" mi="6" ci="0" mb="0" cb="0"/>
      <line nr="52" mi="7" ci="0" mb="0" cb="0"/>
      <line nr="53" mi="1" ci="0" mb="0" cb="0"/>
      <line nr="57" mi="7" ci="0" mb="0" cb="0"/>
      <line nr="58" mi="1" ci="0" mb="0" cb="0"/>
      <line nr="64" mi="4" ci="0" mb="0" cb="0"/>
      <line nr="65" mi="5" ci="0" mb="2" cb="0"/>
      <line nr="66" mi="2" ci="0" mb="0" cb="0"/>
      <line nr="68" mi="6" ci="0" mb="0" cb="0"/>
      <line nr="69" mi="4" ci="0" mb="0" cb="0"/>
      <line nr="70" mi="5" ci="0" mb="0" cb="0"/>
      <line nr="71" mi="3" ci="0" mb="2" cb="0"/>
      <line nr="72" mi="3" ci="0" mb="0" cb="0"/>
      <line nr="73" mi="4" ci="0" mb="0" cb="0"/>
      <line nr="74" mi="6" ci="0" mb="0" cb="0"/>
      <line nr="75" mi="4" ci="0" mb="0" cb="0"/>
      <line nr="76" mi="3" ci="0" mb="0" cb="0"/>
      <line nr="77" mi="12" ci="0" mb="0" cb="0"/>
      <line nr="78" mi="13" ci="0" mb="0" cb="0"/>
      <line nr="80" mi="2" ci="0" mb="0" cb="0"/>
      <line nr="84" mi="3" ci="0" mb="2" cb="0"/>
      <line nr="85" mi="3" ci="0" mb="2" cb="0"/>
      <line nr="86" mi="3" ci="0" mb="0" cb="0"/>
      <line nr="88" mi="4" ci="0" mb="0" cb="0"/>
      <line nr="89" mi="2" ci="0" mb="0" cb="0"/>
      <line nr="90" mi="19" ci="0" mb="0" cb="0"/>
      <line nr="91" mi="7" ci="0" mb="2" cb="0"/>
      <line nr="92" mi="7" ci="0" mb="0" cb="0"/>
      <line nr="93" mi="4" ci="0" mb="0" cb="0"/>
      <line nr="94" mi="4" ci="0" mb="0" cb="0"/>
      <line nr="95" mi="11" ci="0" mb="0" cb="0"/>
      <line nr="96" mi="1" ci="0" mb="0" cb="0"/>
      <line nr="97" mi="11" ci="0" mb="2" cb="0"/>
      <line nr="100" mi="2" ci="0" mb="0" cb="0"/>
      <counter type="INSTRUCTION" missed="191" covered="0"/>
      <counter type="BRANCH" missed="12" covered="0"/>
      <counter type="LINE" missed="37" covered="0"/>
      <counter type="COMPLEXITY" missed="17" covered="0"/>
      <counter type="METHOD" missed="11" covered="0"/>
      <counter type="CLASS" missed="1" covered="0"/>
    </sourcefile>
    <sourcefile name="RoleServiceImpl.java">
      <line nr="86" mi="2" ci="0" mb="0" cb="0"/>
      <line nr="87" mi="6" ci="0" mb="0" cb="0"/>
      <line nr="88" mi="1" ci="0" mb="0" cb="0"/>
      <line nr="92" mi="4" ci="0" mb="0" cb="0"/>
      <line nr="93" mi="4" ci="0" mb="0" cb="0"/>
      <line nr="94" mi="11" ci="0" mb="2" cb="0"/>
      <line nr="95" mi="8" ci="0" mb="2" cb="0"/>
      <line nr="96" mi="1" ci="0" mb="0" cb="0"/>
      <line nr="97" mi="5" ci="0" mb="0" cb="0"/>
      <line nr="98" mi="4" ci="0" mb="0" cb="0"/>
      <line nr="99" mi="5" ci="0" mb="0" cb="0"/>
      <line nr="100" mi="5" ci="0" mb="0" cb="0"/>
      <line nr="101" mi="3" ci="0" mb="0" cb="0"/>
      <line nr="102" mi="2" ci="0" mb="0" cb="0"/>
      <line nr="103" mi="3" ci="0" mb="0" cb="0"/>
      <line nr="109" mi="3" ci="0" mb="0" cb="0"/>
      <line nr="113" mi="5" ci="0" mb="0" cb="0"/>
      <line nr="114" mi="3" ci="0" mb="0" cb="0"/>
      <line nr="115" mi="3" ci="0" mb="0" cb="0"/>
      <line nr="117" mi="5" ci="0" mb="0" cb="0"/>
      <line nr="118" mi="11" ci="0" mb="0" cb="0"/>
      <line nr="119" mi="7" ci="0" mb="0" cb="0"/>
      <line nr="120" mi="4" ci="0" mb="0" cb="0"/>
      <line nr="122" mi="22" ci="0" mb="0" cb="0"/>
      <line nr="125" mi="8" ci="0" mb="0" cb="0"/>
      <line nr="126" mi="5" ci="0" mb="0" cb="0"/>
      <line nr="127" mi="5" ci="0" mb="0" cb="0"/>
      <line nr="128" mi="4" ci="0" mb="0" cb="0"/>
      <line nr="129" mi="4" ci="0" mb="0" cb="0"/>
      <line nr="130" mi="4" ci="0" mb="0" cb="0"/>
      <line nr="131" mi="2" ci="0" mb="0" cb="0"/>
      <line nr="132" mi="2" ci="0" mb="0" cb="0"/>
      <line nr="133" mi="6" ci="0" mb="0" cb="0"/>
      <line nr="135" mi="9" ci="0" mb="0" cb="0"/>
      <line nr="136" mi="7" ci="0" mb="0" cb="0"/>
      <line nr="137" mi="1" ci="0" mb="0" cb="0"/>
      <line nr="139" mi="5" ci="0" mb="0" cb="0"/>
      <line nr="140" mi="4" ci="0" mb="0" cb="0"/>
      <line nr="141" mi="3" ci="0" mb="0" cb="0"/>
      <line nr="142" mi="6" ci="0" mb="0" cb="0"/>
      <line nr="143" mi="4" ci="0" mb="0" cb="0"/>
      <line nr="144" mi="3" ci="0" mb="0" cb="0"/>
      <line nr="145" mi="2" ci="0" mb="0" cb="0"/>
      <line nr="151" mi="3" ci="0" mb="0" cb="0"/>
      <line nr="155" mi="3" ci="0" mb="0" cb="0"/>
      <line nr="156" mi="5" ci="0" mb="0" cb="0"/>
      <line nr="157" mi="3" ci="0" mb="0" cb="0"/>
      <line nr="159" mi="5" ci="0" mb="0" cb="0"/>
      <line nr="160" mi="3" ci="0" mb="0" cb="0"/>
      <line nr="161" mi="3" ci="0" mb="0" cb="0"/>
      <line nr="163" mi="3" ci="0" mb="0" cb="0"/>
      <line nr="164" mi="5" ci="0" mb="0" cb="0"/>
      <line nr="165" mi="11" ci="0" mb="0" cb="0"/>
      <line nr="166" mi="7" ci="0" mb="0" cb="0"/>
      <line nr="167" mi="4" ci="0" mb="0" cb="0"/>
      <line nr="169" mi="5" ci="0" mb="0" cb="0"/>
      <line nr="170" mi="4" ci="0" mb="0" cb="0"/>
      <line nr="171" mi="4" ci="0" mb="0" cb="0"/>
      <line nr="173" mi="26" ci="0" mb="0" cb="0"/>
      <line nr="176" mi="7" ci="0" mb="0" cb="0"/>
      <line nr="177" mi="5" ci="0" mb="0" cb="0"/>
      <line nr="178" mi="5" ci="0" mb="0" cb="0"/>
      <line nr="179" mi="4" ci="0" mb="0" cb="0"/>
      <line nr="180" mi="4" ci="0" mb="0" cb="0"/>
      <line nr="181" mi="4" ci="0" mb="0" cb="0"/>
      <line nr="182" mi="2" ci="0" mb="0" cb="0"/>
      <line nr="183" mi="2" ci="0" mb="0" cb="0"/>
      <line nr="184" mi="6" ci="0" mb="0" cb="0"/>
      <line nr="186" mi="4" ci="0" mb="2" cb="0"/>
      <line nr="187" mi="6" ci="0" mb="0" cb="0"/>
      <line nr="189" mi="4" ci="0" mb="2" cb="0"/>
      <line nr="190" mi="7" ci="0" mb="0" cb="0"/>
      <line nr="192" mi="1" ci="0" mb="0" cb="0"/>
      <line nr="194" mi="5" ci="0" mb="0" cb="0"/>
      <line nr="195" mi="4" ci="0" mb="0" cb="0"/>
      <line nr="196" mi="3" ci="0" mb="0" cb="0"/>
      <line nr="197" mi="6" ci="0" mb="0" cb="0"/>
      <line nr="198" mi="4" ci="0" mb="0" cb="0"/>
      <line nr="199" mi="3" ci="0" mb="0" cb="0"/>
      <line nr="200" mi="2" ci="0" mb="0" cb="0"/>
      <line nr="206" mi="3" ci="0" mb="0" cb="0"/>
      <line nr="210" mi="5" ci="0" mb="0" cb="0"/>
      <line nr="211" mi="3" ci="0" mb="0" cb="0"/>
      <line nr="212" mi="3" ci="0" mb="0" cb="0"/>
      <line nr="213" mi="3" ci="0" mb="0" cb="0"/>
      <line nr="215" mi="5" ci="0" mb="0" cb="0"/>
      <line nr="216" mi="3" ci="0" mb="2" cb="0"/>
      <line nr="217" mi="6" ci="0" mb="0" cb="0"/>
      <line nr="220" mi="18" ci="0" mb="0" cb="0"/>
      <line nr="223" mi="7" ci="0" mb="0" cb="0"/>
      <line nr="224" mi="6" ci="0" mb="0" cb="0"/>
      <line nr="225" mi="5" ci="0" mb="0" cb="0"/>
      <line nr="226" mi="5" ci="0" mb="0" cb="0"/>
      <line nr="227" mi="4" ci="0" mb="0" cb="0"/>
      <line nr="228" mi="4" ci="0" mb="0" cb="0"/>
      <line nr="229" mi="4" ci="0" mb="0" cb="0"/>
      <line nr="230" mi="2" ci="0" mb="0" cb="0"/>
      <line nr="231" mi="2" ci="0" mb="0" cb="0"/>
      <line nr="232" mi="6" ci="0" mb="0" cb="0"/>
      <line nr="233" mi="1" ci="0" mb="0" cb="0"/>
      <line nr="235" mi="1" ci="0" mb="0" cb="0"/>
      <counter type="INSTRUCTION" missed="489" covered="0"/>
      <counter type="BRANCH" missed="10" covered="0"/>
      <counter type="LINE" missed="101" covered="0"/>
      <counter type="COMPLEXITY" missed="25" covered="0"/>
      <counter type="METHOD" missed="20" covered="0"/>
      <counter type="CLASS" missed="4" covered="0"/>
    </sourcefile>
    <sourcefile name="AbstractPaginationService.java">
      <line nr="26" mi="4" ci="0" mb="0" cb="0"/>
      <line nr="27" mi="3" ci="0" mb="0" cb="0"/>
      <line nr="29" mi="3" ci="0" mb="0" cb="0"/>
      <line nr="33" mi="3" ci="0" mb="0" cb="0"/>
      <line nr="43" mi="2" ci="0" mb="0" cb="0"/>
      <line nr="44" mi="2" ci="0" mb="0" cb="0"/>
      <line nr="45" mi="5" ci="0" mb="0" cb="0"/>
      <line nr="46" mi="5" ci="0" mb="0" cb="0"/>
      <line nr="47" mi="5" ci="0" mb="0" cb="0"/>
      <line nr="48" mi="5" ci="0" mb="0" cb="0"/>
      <line nr="49" mi="1" ci="0" mb="0" cb="0"/>
      <line nr="53" mi="7" ci="0" mb="0" cb="0"/>
      <line nr="54" mi="7" ci="0" mb="0" cb="0"/>
      <line nr="55" mi="5" ci="0" mb="2" cb="0"/>
      <line nr="56" mi="5" ci="0" mb="0" cb="0"/>
      <line nr="57" mi="4" ci="0" mb="0" cb="0"/>
      <line nr="59" mi="2" ci="0" mb="0" cb="0"/>
      <line nr="60" mi="3" ci="0" mb="2" cb="0"/>
      <line nr="61" mi="4" ci="0" mb="0" cb="0"/>
      <line nr="63" mi="5" ci="0" mb="2" cb="0"/>
      <line nr="64" mi="6" ci="0" mb="0" cb="0"/>
      <line nr="65" mi="3" ci="0" mb="0" cb="0"/>
      <line nr="67" mi="2" ci="0" mb="2" cb="0"/>
      <line nr="68" mi="12" ci="0" mb="0" cb="0"/>
      <line nr="70" mi="12" ci="0" mb="0" cb="0"/>
      <counter type="INSTRUCTION" missed="115" covered="0"/>
      <counter type="BRANCH" missed="8" covered="0"/>
      <counter type="LINE" missed="25" covered="0"/>
      <counter type="COMPLEXITY" missed="10" covered="0"/>
      <counter type="METHOD" missed="6" covered="0"/>
      <counter type="CLASS" missed="1" covered="0"/>
    </sourcefile>
    <sourcefile name="UserServiceImpl.java">
      <line nr="75" mi="2" ci="0" mb="0" cb="0"/>
      <line nr="76" mi="6" ci="0" mb="0" cb="0"/>
      <line nr="78" mi="1" ci="0" mb="0" cb="0"/>
      <line nr="82" mi="5" ci="0" mb="0" cb="0"/>
      <line nr="84" mi="4" ci="0" mb="0" cb="0"/>
      <line nr="85" mi="13" ci="0" mb="2" cb="0"/>
      <line nr="86" mi="1" ci="0" mb="0" cb="0"/>
      <line nr="87" mi="4" ci="0" mb="0" cb="0"/>
      <line nr="88" mi="5" ci="0" mb="0" cb="0"/>
      <line nr="89" mi="3" ci="0" mb="0" cb="0"/>
      <line nr="91" mi="2" ci="0" mb="0" cb="0"/>
      <line nr="101" mi="5" ci="0" mb="0" cb="0"/>
      <line nr="102" mi="5" ci="0" mb="0" cb="0"/>
      <line nr="103" mi="4" ci="0" mb="0" cb="0"/>
      <line nr="109" mi="3" ci="0" mb="0" cb="0"/>
      <line nr="113" mi="5" ci="0" mb="0" cb="0"/>
      <line nr="115" mi="5" ci="0" mb="0" cb="0"/>
      <line nr="116" mi="3" ci="0" mb="0" cb="0"/>
      <line nr="117" mi="3" ci="0" mb="0" cb="0"/>
      <line nr="119" mi="5" ci="0" mb="0" cb="0"/>
      <line nr="120" mi="11" ci="0" mb="0" cb="0"/>
      <line nr="121" mi="7" ci="0" mb="0" cb="0"/>
      <line nr="122" mi="4" ci="0" mb="0" cb="0"/>
      <line nr="124" mi="6" ci="0" mb="0" cb="0"/>
      <line nr="125" mi="3" ci="0" mb="0" cb="0"/>
      <line nr="126" mi="8" ci="0" mb="0" cb="0"/>
      <line nr="128" mi="22" ci="0" mb="0" cb="0"/>
      <line nr="131" mi="8" ci="0" mb="0" cb="0"/>
      <line nr="132" mi="5" ci="0" mb="0" cb="0"/>
      <line nr="133" mi="5" ci="0" mb="0" cb="0"/>
      <line nr="134" mi="4" ci="0" mb="0" cb="0"/>
      <line nr="135" mi="4" ci="0" mb="0" cb="0"/>
      <line nr="136" mi="4" ci="0" mb="0" cb="0"/>
      <line nr="137" mi="4" ci="0" mb="0" cb="0"/>
      <line nr="138" mi="4" ci="0" mb="0" cb="0"/>
      <line nr="139" mi="2" ci="0" mb="0" cb="0"/>
      <line nr="140" mi="2" ci="0" mb="0" cb="0"/>
      <line nr="141" mi="6" ci="0" mb="0" cb="0"/>
      <line nr="143" mi="9" ci="0" mb="0" cb="0"/>
      <line nr="144" mi="7" ci="0" mb="0" cb="0"/>
      <line nr="145" mi="1" ci="0" mb="0" cb="0"/>
      <line nr="147" mi="4" ci="0" mb="0" cb="0"/>
      <line nr="153" mi="3" ci="0" mb="0" cb="0"/>
      <line nr="157" mi="3" ci="0" mb="0" cb="0"/>
      <line nr="158" mi="5" ci="0" mb="0" cb="0"/>
      <line nr="159" mi="3" ci="0" mb="0" cb="0"/>
      <line nr="161" mi="5" ci="0" mb="0" cb="0"/>
      <line nr="162" mi="5" ci="0" mb="0" cb="0"/>
      <line nr="163" mi="3" ci="0" mb="0" cb="0"/>
      <line nr="164" mi="3" ci="0" mb="0" cb="0"/>
      <line nr="166" mi="3" ci="0" mb="0" cb="0"/>
      <line nr="167" mi="5" ci="0" mb="0" cb="0"/>
      <line nr="168" mi="11" ci="0" mb="0" cb="0"/>
      <line nr="169" mi="7" ci="0" mb="0" cb="0"/>
      <line nr="170" mi="4" ci="0" mb="0" cb="0"/>
      <line nr="172" mi="4" ci="0" mb="0" cb="0"/>
      <line nr="173" mi="8" ci="0" mb="0" cb="0"/>
      <line nr="174" mi="3" ci="0" mb="0" cb="0"/>
      <line nr="175" mi="4" ci="0" mb="0" cb="0"/>
      <line nr="177" mi="5" ci="0" mb="0" cb="0"/>
      <line nr="178" mi="4" ci="0" mb="0" cb="0"/>
      <line nr="179" mi="4" ci="0" mb="0" cb="0"/>
      <line nr="181" mi="26" ci="0" mb="0" cb="0"/>
      <line nr="184" mi="7" ci="0" mb="0" cb="0"/>
      <line nr="185" mi="5" ci="0" mb="0" cb="0"/>
      <line nr="186" mi="5" ci="0" mb="0" cb="0"/>
      <line nr="187" mi="4" ci="0" mb="0" cb="0"/>
      <line nr="188" mi="4" ci="0" mb="0" cb="0"/>
      <line nr="189" mi="4" ci="0" mb="0" cb="0"/>
      <line nr="190" mi="4" ci="0" mb="0" cb="0"/>
      <line nr="191" mi="4" ci="0" mb="0" cb="0"/>
      <line nr="192" mi="2" ci="0" mb="0" cb="0"/>
      <line nr="193" mi="2" ci="0" mb="0" cb="0"/>
      <line nr="194" mi="6" ci="0" mb="0" cb="0"/>
      <line nr="196" mi="4" ci="0" mb="2" cb="0"/>
      <line nr="197" mi="6" ci="0" mb="0" cb="0"/>
      <line nr="199" mi="4" ci="0" mb="2" cb="0"/>
      <line nr="200" mi="7" ci="0" mb="0" cb="0"/>
      <line nr="202" mi="1" ci="0" mb="0" cb="0"/>
      <line nr="204" mi="4" ci="0" mb="0" cb="0"/>
      <line nr="210" mi="3" ci="0" mb="0" cb="0"/>
      <line nr="214" mi="5" ci="0" mb="0" cb="0"/>
      <line nr="215" mi="3" ci="0" mb="0" cb="0"/>
      <line nr="217" mi="3" ci="0" mb="0" cb="0"/>
      <line nr="218" mi="3" ci="0" mb="0" cb="0"/>
      <line nr="220" mi="18" ci="0" mb="0" cb="0"/>
      <line nr="223" mi="7" ci="0" mb="0" cb="0"/>
      <line nr="224" mi="6" ci="0" mb="0" cb="0"/>
      <line nr="225" mi="5" ci="0" mb="0" cb="0"/>
      <line nr="226" mi="5" ci="0" mb="0" cb="0"/>
      <line nr="227" mi="4" ci="0" mb="0" cb="0"/>
      <line nr="228" mi="4" ci="0" mb="0" cb="0"/>
      <line nr="229" mi="4" ci="0" mb="0" cb="0"/>
      <line nr="230" mi="4" ci="0" mb="0" cb="0"/>
      <line nr="231" mi="4" ci="0" mb="0" cb="0"/>
      <line nr="232" mi="2" ci="0" mb="0" cb="0"/>
      <line nr="233" mi="2" ci="0" mb="0" cb="0"/>
      <line nr="234" mi="6" ci="0" mb="0" cb="0"/>
      <line nr="235" mi="1" ci="0" mb="0" cb="0"/>
      <line nr="237" mi="1" ci="0" mb="0" cb="0"/>
      <counter type="INSTRUCTION" missed="495" covered="0"/>
      <counter type="BRANCH" missed="6" covered="0"/>
      <counter type="LINE" missed="100" covered="0"/>
      <counter type="COMPLEXITY" missed="22" covered="0"/>
      <counter type="METHOD" missed="19" covered="0"/>
      <counter type="CLASS" missed="4" covered="0"/>
    </sourcefile>
    <sourcefile name="ClaimServiceImpl.java">
      <line nr="38" mi="2" ci="0" mb="0" cb="0"/>
      <line nr="39" mi="6" ci="0" mb="0" cb="0"/>
      <line nr="40" mi="1" ci="0" mb="0" cb="0"/>
      <line nr="44" mi="4" ci="0" mb="0" cb="0"/>
      <line nr="45" mi="5" ci="0" mb="0" cb="0"/>
      <counter type="INSTRUCTION" missed="18" covered="0"/>
      <counter type="LINE" missed="5" covered="0"/>
      <counter type="COMPLEXITY" missed="2" covered="0"/>
      <counter type="METHOD" missed="2" covered="0"/>
      <counter type="CLASS" missed="1" covered="0"/>
    </sourcefile>
    <counter type="INSTRUCTION" missed="1308" covered="0"/>
    <counter type="BRANCH" missed="36" covered="0"/>
    <counter type="LINE" missed="268" covered="0"/>
    <counter type="COMPLEXITY" missed="76" covered="0"/>
    <counter type="METHOD" missed="58" covered="0"/>
    <counter type="CLASS" missed="11" covered="0"/>
  </package>
  <counter type="INSTRUCTION" missed="1620" covered="0"/>
  <counter type="BRANCH" missed="38" covered="0"/>
  <counter type="LINE" missed="336" covered="0"/>
  <counter type="COMPLEXITY" missed="110" covered="0"/>
  <counter type="METHOD" missed="91" covered="0"/>
  <counter type="CLASS" missed="19" covered="0"/>
</report>